2026-02-22 10:28:07,512 - INFO - --- Starting ---
2026-02-22 10:28:07,513 - ERROR - Run crashed: 'DatabaseManager' object has no attribute 'logger'
2026-02-22 10:32:20,149 - INFO - --- Starting ---
2026-02-22 10:32:20,149 - INFO - Table Employees created successfully.
2026-02-22 10:32:20,158 - INFO - Transforming Data...
2026-02-22 10:32:20,162 - ERROR - An unexpected error occurred: DatabaseManager.get_connection() missing 1 required positional argument: 'self'
2026-02-22 10:32:20,162 - INFO - Run Successfully.
2026-02-22 10:32:30,158 - INFO - --- Starting ---
2026-02-22 10:32:30,159 - INFO - Table Employees created successfully.
2026-02-22 10:32:30,168 - INFO - Transforming Data...
2026-02-22 10:32:30,171 - ERROR - An unexpected error occurred: DatabaseManager.get_connection() missing 1 required positional argument: 'self'
2026-02-22 10:32:30,172 - INFO - Run Successfully.
2026-02-22 10:36:41,953 - INFO - --- Starting ---
2026-02-22 10:36:41,953 - INFO - Table Employees created successfully.
2026-02-22 10:36:41,964 - INFO - Transforming Data...
2026-02-22 10:36:41,984 - INFO - Successfully ingested 2470 records.
2026-02-22 10:36:41,985 - INFO - Run Successfully.
2026-02-22 10:38:17,069 - INFO - --- Starting ---
2026-02-22 10:38:17,070 - INFO - ------Table Employees created successfully.--------
2026-02-22 10:38:17,079 - INFO - -------- Transforming Data -----------
2026-02-22 10:38:17,098 - INFO - Successfully ingested 2470 records.
2026-02-22 10:38:17,099 - INFO - ------ Run Successfully. -------
2026-02-22 10:39:36,533 - INFO - Starting
2026-02-22 10:39:36,534 - INFO - Table Employees created successfully.
2026-02-22 10:39:36,552 - INFO - Transforming Data.
2026-02-22 10:39:36,586 - INFO - Successfully ingested 2470 records.
2026-02-22 10:39:36,588 - INFO - Run Successfully.
2026-02-22 22:26:33,230 - INFO - Starting
2026-02-22 22:26:33,230 - INFO - Table Employees created successfully.
2026-02-22 22:26:33,248 - INFO - Transforming Data.
2026-02-22 22:26:33,278 - INFO - Successfully ingested 2470 records.
2026-02-22 22:26:33,279 - INFO - Run Successfully.
2026-02-22 22:26:57,679 - INFO - Starting
2026-02-22 22:26:57,680 - INFO - Table Employees created successfully.
2026-02-22 22:26:57,699 - INFO - Transforming Data.
2026-02-22 22:26:57,729 - INFO - Successfully ingested 2470 records.
2026-02-22 22:26:57,731 - INFO - Run Successfully.
2026-02-22 22:28:30,567 - INFO - Starting
2026-02-22 22:28:30,568 - INFO - Table Employees created successfully.
2026-02-22 22:28:30,587 - INFO - Transforming Data.
2026-02-22 22:28:30,615 - INFO - Successfully ingested 2470 records.
2026-02-22 22:28:30,617 - INFO - Run Successfully.
2026-02-22 22:28:57,103 - INFO - Starting
2026-02-22 22:28:57,104 - INFO - Table Employees created successfully.
2026-02-22 22:28:57,122 - INFO - Transforming Data.
2026-02-22 22:28:57,151 - INFO - Successfully ingested 2470 records.
2026-02-22 22:28:57,153 - INFO - Run Successfully.
2026-02-22 22:30:34,107 - INFO - Starting
2026-02-22 22:30:34,108 - INFO - Table Employees created successfully.
2026-02-22 22:30:34,126 - INFO - Transforming Data.
2026-02-22 22:30:34,179 - INFO - Successfully ingested 2470 records.
2026-02-22 22:30:34,180 - INFO - Run Successfully.
2026-02-23 10:53:08,462 - INFO - Starting
2026-02-23 10:53:08,463 - INFO - Table Employees created successfully.
2026-02-23 10:53:08,473 - INFO - Transforming Data.
2026-02-23 10:53:08,496 - INFO - Successfully ingested 2470 records.
2026-02-23 10:53:08,497 - INFO - Run Successfully.
2026-02-23 11:15:59,353 - INFO - Starting
2026-02-23 11:15:59,354 - INFO - Table Employees created successfully.
2026-02-23 11:15:59,363 - INFO - Transforming Data.
2026-02-23 11:15:59,387 - INFO - Successfully ingested 2470 records.
2026-02-23 11:15:59,388 - INFO - Run Successfully.
2026-02-23 11:16:08,637 - INFO - Starting
2026-02-23 11:16:08,638 - INFO - Table Employees created successfully.
2026-02-23 11:16:08,647 - INFO - Transforming Data.
2026-02-23 11:16:08,664 - INFO - Successfully ingested 2470 records.
2026-02-23 11:16:08,664 - INFO - Run Successfully.
2026-02-23 11:16:09,900 - INFO - Starting
2026-02-23 11:16:09,901 - INFO - Table Employees created successfully.
2026-02-23 11:16:09,910 - INFO - Transforming Data.
2026-02-23 11:16:09,929 - INFO - Successfully ingested 2470 records.
2026-02-23 11:16:09,931 - INFO - Run Successfully.
2026-02-23 12:13:49,137 - INFO - Starting
2026-02-23 12:13:49,139 - INFO - Table Employees created successfully.
2026-02-23 12:13:49,164 - INFO - Transforming Data.
2026-02-23 12:13:49,203 - INFO - Successfully ingested 2470 records.
2026-02-23 12:13:49,205 - INFO - Run Successfully.
2026-02-23 17:53:44,046 - INFO - [31m[1mWARNING: This is a development server. Do not use it in a production deployment. Use a production WSGI server instead.[0m
 * Running on http://127.0.0.1:5000
2026-02-23 17:53:44,046 - INFO - [33mPress CTRL+C to quit[0m
2026-02-23 17:53:44,047 - INFO -  * Restarting with stat
2026-02-23 17:53:44,190 - WARNING -  * Debugger is active!
2026-02-23 17:53:44,193 - INFO -  * Debugger PIN: 209-239-805
2026-02-23 17:54:14,288 - INFO - [31m[1mWARNING: This is a development server. Do not use it in a production deployment. Use a production WSGI server instead.[0m
 * Running on http://127.0.0.1:5000
2026-02-23 17:54:14,288 - INFO - [33mPress CTRL+C to quit[0m
2026-02-23 17:54:14,289 - INFO -  * Restarting with stat
2026-02-23 17:54:14,424 - WARNING -  * Debugger is active!
2026-02-23 17:54:14,426 - INFO -  * Debugger PIN: 209-239-805
2026-02-24 09:27:15,914 - INFO - [31m[1mWARNING: This is a development server. Do not use it in a production deployment. Use a production WSGI server instead.[0m
 * Running on http://127.0.0.1:5000
2026-02-24 09:27:15,914 - INFO - [33mPress CTRL+C to quit[0m
2026-02-24 09:27:15,915 - INFO -  * Restarting with stat
2026-02-24 09:27:16,164 - WARNING -  * Debugger is active!
2026-02-24 09:27:16,169 - INFO -  * Debugger PIN: 209-239-805
2026-02-24 10:16:05,565 - INFO -  * Detected change in '/home/vijn/Documents/Employee_Data_Management_System/app.py', reloading
2026-02-24 10:16:05,625 - INFO -  * Restarting with stat
2026-02-24 11:03:15,967 - INFO - Starting
2026-02-24 11:03:15,967 - INFO - Table Employees created successfully.
2026-02-24 11:03:15,979 - INFO - Transforming Data.
2026-02-24 11:03:16,011 - INFO - Successfully ingested 2470 records.
2026-02-24 11:03:16,012 - INFO - Run Successfully.
